# Logfile created on Sun Jun 13 09:05:47 -0600 2010 by logger.rb/22285
[13/Jun/2010:09:05:47 :: 11604] starting
[13/Jun/2010:09:06:05 :: 11604] asked to stop immediately
[13/Jun/2010:09:06:05 :: 11604] stopping after explicit exit
[13/Jun/2010:09:06:22 :: 13300] starting
[13/Jun/2010:09:08:45 :: 13300] asked to stop immediately
[13/Jun/2010:09:08:45 :: 13300] stopping after explicit exit
[13/Jun/2010:09:24:08 :: 30915] starting
[13/Jun/2010:09:25:22 :: 30915] asked to stop immediately
[13/Jun/2010:09:25:22 :: 30915] stopping after explicit exit
[13/Jun/2010:09:25:57 :: 4210] starting
[13/Jun/2010:09:27:07 :: 4210] asked to stop immediately
[13/Jun/2010:09:27:07 :: 4210] stopping after explicit exit
[13/Jun/2010:09:28:01 :: 9782] starting
[13/Jun/2010:09:29:41 :: 9782] asked to stop immediately
[13/Jun/2010:09:29:41 :: 9782] stopping after explicit exit
[13/Jun/2010:09:30:48 :: 15019] starting
[13/Jun/2010:09:31:56 :: 15019] asked to stop immediately
[13/Jun/2010:09:31:56 :: 15019] stopping after explicit exit
[13/Jun/2010:09:35:21 :: 23106] starting
[13/Jun/2010:09:38:33 :: 23106] asked to stop immediately
[13/Jun/2010:09:38:33 :: 23106] stopping after explicit exit
[13/Jun/2010:09:42:02 :: 1932] starting
[13/Jun/2010:09:43:16 :: 1932] asked to stop immediately
[13/Jun/2010:09:43:16 :: 1932] stopping after explicit exit
[13/Jun/2010:09:57:38 :: 30604] starting
[13/Jun/2010:09:59:19 :: 30604] asked to stop immediately
[13/Jun/2010:09:59:19 :: 30604] stopping after explicit exit
[13/Jun/2010:10:05:47 :: 14915] starting
[13/Jun/2010:10:07:25 :: 14915] asked to stop immediately
[13/Jun/2010:10:07:25 :: 14915] stopping after explicit exit
[13/Jun/2010:10:07:38 :: 18245] starting
[13/Jun/2010:10:08:52 :: 18245] asked to stop immediately
[13/Jun/2010:10:08:52 :: 18245] stopping after explicit exit
[13/Jun/2010:10:08:57 :: 20443] starting
[13/Jun/2010:10:10:18 :: 20443] asked to stop immediately
[13/Jun/2010:10:10:18 :: 20443] stopping after explicit exit
[13/Jun/2010:10:14:49 :: 31397] starting
[13/Jun/2010:10:17:01 :: 31397] asked to stop immediately
[13/Jun/2010:10:17:01 :: 31397] stopping after explicit exit
[13/Jun/2010:10:17:34 :: 4337] starting
[13/Jun/2010:10:18:41 :: 4337] asked to stop immediately
[13/Jun/2010:10:18:41 :: 4337] stopping after explicit exit
[13/Jun/2010:10:25:34 :: 18757] starting
[13/Jun/2010:10:27:15 :: 18757] asked to stop immediately
[13/Jun/2010:10:27:15 :: 18757] stopping after explicit exit
[13/Jun/2010:10:27:34 :: 22350] starting
[13/Jun/2010:10:29:20 :: 22350] asked to stop immediately
[13/Jun/2010:10:29:20 :: 22350] stopping after explicit exit
[13/Jun/2010:10:29:57 :: 26327] starting
[13/Jun/2010:10:31:15 :: 26327] asked to stop immediately
[13/Jun/2010:10:31:15 :: 26327] stopping after explicit exit
[13/Jun/2010:13:42:39 :: 5851] starting
[13/Jun/2010:13:47:41 :: 5851] asked to stop immediately
[13/Jun/2010:13:47:41 :: 5851] stopping after explicit exit
[13/Jun/2010:13:48:14 :: 17103] starting
[13/Jun/2010:13:51:45 :: 17103] asked to stop immediately
[13/Jun/2010:13:51:45 :: 17103] stopping after explicit exit
[13/Jun/2010:22:23:01 :: 32173] starting
[13/Jun/2010:22:24:15 :: 32173] asked to stop immediately
[13/Jun/2010:22:24:15 :: 32173] stopping after explicit exit
[19/Jun/2010:17:37:48 :: 31441] starting
[19/Jun/2010:17:39:15 :: 31441] asked to stop immediately
[19/Jun/2010:17:39:15 :: 31441] stopping after explicit exit
[19/Jun/2010:21:09:39 :: 16717] starting
[19/Jun/2010:21:10:53 :: 16717] asked to stop immediately
[19/Jun/2010:21:10:53 :: 16717] stopping after explicit exit
[19/Jun/2010:21:10:54 :: 20505] starting
[19/Jun/2010:21:13:49 :: 20505] asked to stop immediately
[19/Jun/2010:21:13:49 :: 20505] stopping after explicit exit
[19/Jun/2010:21:44:53 :: 19382] starting
[19/Jun/2010:21:46:04 :: 19382] asked to stop immediately
[19/Jun/2010:21:46:04 :: 19382] stopping after explicit exit
[19/Jun/2010:22:03:08 :: 18097] starting
[19/Jun/2010:22:04:23 :: 18097] asked to stop immediately
[19/Jun/2010:22:04:23 :: 18097] stopping after explicit exit
[19/Jun/2010:22:23:02 :: 18964] starting
[19/Jun/2010:22:24:55 :: 18964] asked to stop immediately
[19/Jun/2010:22:24:55 :: 18964] stopping after explicit exit
[19/Jun/2010:22:50:18 :: 32434] starting
[19/Jun/2010:22:51:31 :: 32434] asked to stop immediately
[19/Jun/2010:22:51:31 :: 32434] stopping after explicit exit
[19/Jun/2010:23:42:19 :: 8720] starting
[19/Jun/2010:23:42:19 :: 9473] starting
[19/Jun/2010:23:43:04 :: 8720] asked to stop immediately
[19/Jun/2010:23:43:04 :: 8720] stopping after explicit exit
[19/Jun/2010:23:43:16 :: 9473] asked to stop immediately
[19/Jun/2010:23:43:16 :: 9473] stopping after explicit exit
[19/Jun/2010:23:44:50 :: 20038] starting
[19/Jun/2010:23:45:52 :: 20038] asked to stop immediately
[19/Jun/2010:23:45:52 :: 20038] stopping after explicit exit
[19/Jun/2010:23:47:57 :: 24427] starting
[19/Jun/2010:23:49:22 :: 24427] asked to stop immediately
[19/Jun/2010:23:49:22 :: 24427] stopping after explicit exit
[19/Jun/2010:23:50:53 :: 28612] starting
[19/Jun/2010:23:52:16 :: 28612] asked to stop immediately
[19/Jun/2010:23:52:16 :: 28612] stopping after explicit exit
[19/Jun/2010:23:53:14 :: 697] starting
[19/Jun/2010:23:54:44 :: 697] asked to stop immediately
[19/Jun/2010:23:54:44 :: 697] stopping after explicit exit
[19/Jun/2010:23:59:30 :: 11720] starting
[20/Jun/2010:00:04:35 :: 11720] asked to stop immediately
[20/Jun/2010:00:04:35 :: 11720] stopping after explicit exit
[20/Jun/2010:00:05:27 :: 21234] starting
[20/Jun/2010:00:06:52 :: 21234] asked to stop immediately
[20/Jun/2010:00:06:52 :: 21234] stopping after explicit exit
[20/Jun/2010:00:07:21 :: 24086] starting
[20/Jun/2010:00:08:52 :: 24086] asked to stop immediately
[20/Jun/2010:00:08:52 :: 24086] stopping after explicit exit
[20/Jun/2010:00:09:05 :: 26984] starting
[20/Jun/2010:00:12:20 :: 26984] asked to stop immediately
[20/Jun/2010:00:12:20 :: 26984] stopping after explicit exit
[20/Jun/2010:00:17:21 :: 7590] starting
[20/Jun/2010:00:19:25 :: 7590] asked to stop immediately
[20/Jun/2010:00:19:25 :: 7590] stopping after explicit exit
[20/Jun/2010:00:21:19 :: 14523] starting
[20/Jun/2010:00:24:36 :: 14523] asked to stop immediately
[20/Jun/2010:00:24:36 :: 14523] stopping after explicit exit
[20/Jun/2010:00:24:40 :: 20040] starting
[20/Jun/2010:00:26:55 :: 20040] asked to stop immediately
[20/Jun/2010:00:26:55 :: 20040] stopping after explicit exit
[20/Jun/2010:11:09:45 :: 9140] starting
[20/Jun/2010:11:10:46 :: 9140] asked to stop immediately
[20/Jun/2010:11:10:46 :: 9140] stopping after explicit exit
[20/Jun/2010:13:07:07 :: 26252] starting
[20/Jun/2010:13:08:28 :: 26252] asked to stop immediately
[20/Jun/2010:13:08:28 :: 26252] stopping after explicit exit
[20/Jun/2010:13:30:52 :: 24960] starting
[20/Jun/2010:13:32:35 :: 24960] asked to stop immediately
[20/Jun/2010:13:32:35 :: 24960] stopping after explicit exit
[20/Jun/2010:13:33:16 :: 903] starting
[20/Jun/2010:13:34:34 :: 903] asked to stop immediately
[20/Jun/2010:13:34:34 :: 903] stopping after explicit exit
[20/Jun/2010:14:08:09 :: 6598] starting
[20/Jun/2010:14:09:48 :: 6598] asked to stop immediately
[20/Jun/2010:14:09:48 :: 6598] stopping after explicit exit
[20/Jun/2010:14:10:05 :: 10662] starting
[20/Jun/2010:14:12:07 :: 10662] asked to stop immediately
[20/Jun/2010:14:12:07 :: 10662] stopping after explicit exit
[20/Jun/2010:14:12:41 :: 15546] starting
[20/Jun/2010:14:13:47 :: 15546] asked to stop immediately
[20/Jun/2010:14:13:47 :: 15546] stopping after explicit exit
[20/Jun/2010:14:16:49 :: 23124] starting
[20/Jun/2010:14:18:58 :: 23124] asked to stop immediately
[20/Jun/2010:14:18:58 :: 23124] stopping after explicit exit
[20/Jun/2010:14:23:21 :: 2558] starting
[20/Jun/2010:14:24:26 :: 2558] asked to stop immediately
[20/Jun/2010:14:24:26 :: 2558] stopping after explicit exit
[20/Jun/2010:14:33:01 :: 21579] starting
[20/Jun/2010:14:34:15 :: 21579] asked to stop immediately
[20/Jun/2010:14:34:15 :: 21579] stopping after explicit exit
[20/Jun/2010:14:34:55 :: 25031] starting
[20/Jun/2010:14:40:03 :: 25031] asked to stop immediately
[20/Jun/2010:14:40:03 :: 25031] stopping after explicit exit
[20/Jun/2010:14:40:58 :: 4083] starting
[20/Jun/2010:14:42:06 :: 4083] asked to stop immediately
[20/Jun/2010:14:42:06 :: 4083] stopping after explicit exit
[20/Jun/2010:14:57:42 :: 4592] starting
[20/Jun/2010:14:58:57 :: 4592] asked to stop immediately
[20/Jun/2010:14:58:57 :: 4592] stopping after explicit exit
[20/Jun/2010:14:58:59 :: 6852] starting
[20/Jun/2010:15:00:40 :: 6852] asked to stop immediately
[20/Jun/2010:15:00:40 :: 6852] stopping after explicit exit
[20/Jun/2010:15:01:14 :: 11240] starting
[20/Jun/2010:15:03:15 :: 11240] asked to stop immediately
[20/Jun/2010:15:03:15 :: 11240] stopping after explicit exit
[20/Jun/2010:15:04:13 :: 16249] starting
[20/Jun/2010:15:06:14 :: 16249] asked to stop immediately
[20/Jun/2010:15:06:14 :: 16249] stopping after explicit exit
[20/Jun/2010:15:07:36 :: 21945] starting
[20/Jun/2010:15:08:49 :: 21945] asked to stop immediately
[20/Jun/2010:15:08:49 :: 21945] stopping after explicit exit
[20/Jun/2010:15:12:28 :: 29985] starting
[20/Jun/2010:15:15:09 :: 29985] asked to stop immediately
[20/Jun/2010:15:15:09 :: 29985] stopping after explicit exit
[20/Jun/2010:15:47:21 :: 13629] starting
[20/Jun/2010:15:48:45 :: 13629] asked to stop immediately
[20/Jun/2010:15:48:45 :: 13629] stopping after explicit exit
[20/Jun/2010:15:51:31 :: 31395] starting
[20/Jun/2010:15:53:09 :: 31395] asked to stop immediately
[20/Jun/2010:15:53:09 :: 31395] stopping after explicit exit
[20/Jun/2010:15:54:06 :: 4948] starting
[20/Jun/2010:15:55:12 :: 4948] asked to stop immediately
[20/Jun/2010:15:55:12 :: 4948] stopping after explicit exit
[20/Jun/2010:16:00:56 :: 16156] starting
[20/Jun/2010:16:02:36 :: 16156] asked to stop immediately
[20/Jun/2010:16:02:36 :: 16156] stopping after explicit exit
[20/Jun/2010:21:31:29 :: 4875] starting
[20/Jun/2010:21:32:31 :: 4875] asked to stop immediately
[20/Jun/2010:21:32:31 :: 4875] stopping after explicit exit
[20/Jun/2010:21:34:39 :: 10497] starting
[20/Jun/2010:21:35:39 :: 10497] asked to stop immediately
[20/Jun/2010:21:35:39 :: 10497] stopping after explicit exit
[20/Jun/2010:21:36:24 :: 13953] starting
[20/Jun/2010:21:37:41 :: 13953] asked to stop immediately
[20/Jun/2010:21:37:41 :: 13953] stopping after explicit exit
[20/Jun/2010:21:38:10 :: 17265] starting
[20/Jun/2010:21:39:22 :: 17265] asked to stop immediately
[20/Jun/2010:21:39:22 :: 17265] stopping after explicit exit
[20/Jun/2010:21:48:41 :: 4350] starting
[20/Jun/2010:21:51:14 :: 4350] asked to stop immediately
[20/Jun/2010:21:51:14 :: 4350] stopping after explicit exit
[20/Jun/2010:21:56:09 :: 19507] starting
[20/Jun/2010:21:57:14 :: 19507] asked to stop immediately
[20/Jun/2010:21:57:14 :: 19507] stopping after explicit exit
[20/Jun/2010:22:06:22 :: 3909] starting
[20/Jun/2010:22:07:39 :: 3909] asked to stop immediately
[20/Jun/2010:22:07:39 :: 3909] stopping after explicit exit
[20/Jun/2010:22:07:47 :: 6389] starting
[20/Jun/2010:22:09:07 :: 6389] asked to stop immediately
[20/Jun/2010:22:09:07 :: 6389] stopping after explicit exit
[20/Jun/2010:22:10:51 :: 11670] starting
[20/Jun/2010:22:12:00 :: 11670] asked to stop immediately
[20/Jun/2010:22:12:00 :: 11670] stopping after explicit exit
[21/Jun/2010:17:49:25 :: 6444] starting
[21/Jun/2010:17:50:31 :: 6444] asked to stop immediately
[21/Jun/2010:17:50:31 :: 6444] stopping after explicit exit
[21/Jun/2010:17:56:12 :: 26234] starting
[21/Jun/2010:17:57:27 :: 26234] asked to stop immediately
[21/Jun/2010:17:57:27 :: 26234] stopping after explicit exit
[21/Jun/2010:17:59:51 :: 3496] starting
[21/Jun/2010:18:02:38 :: 3496] asked to stop immediately
[21/Jun/2010:18:02:38 :: 3496] stopping after explicit exit
[21/Jun/2010:18:04:09 :: 14463] starting
[21/Jun/2010:18:06:22 :: 14463] asked to stop immediately
[21/Jun/2010:18:06:22 :: 14463] stopping after explicit exit
[21/Jun/2010:18:08:05 :: 24022] starting
[21/Jun/2010:18:10:07 :: 24022] asked to stop immediately
[21/Jun/2010:18:10:07 :: 24022] stopping after explicit exit
[21/Jun/2010:18:20:30 :: 22218] starting
[21/Jun/2010:18:21:54 :: 22218] asked to stop immediately
[21/Jun/2010:18:21:54 :: 22218] stopping after explicit exit
[21/Jun/2010:18:22:31 :: 26860] starting
[21/Jun/2010:18:23:37 :: 26860] asked to stop immediately
[21/Jun/2010:18:23:37 :: 26860] stopping after explicit exit
[21/Jun/2010:18:30:09 :: 13952] starting
[21/Jun/2010:18:31:42 :: 13952] asked to stop immediately
[21/Jun/2010:18:31:42 :: 13952] stopping after explicit exit
[21/Jun/2010:18:46:16 :: 22769] starting
[21/Jun/2010:18:48:30 :: 22769] asked to stop immediately
[21/Jun/2010:18:48:30 :: 22769] stopping after explicit exit
[21/Jun/2010:18:48:31 :: 28442] starting
[21/Jun/2010:18:49:40 :: 28442] asked to stop immediately
[21/Jun/2010:18:49:40 :: 28442] stopping after explicit exit
[21/Jun/2010:18:51:00 :: 1802] starting
[21/Jun/2010:18:52:08 :: 1802] asked to stop immediately
[21/Jun/2010:18:52:08 :: 1802] stopping after explicit exit
[21/Jun/2010:18:57:35 :: 19643] starting
[21/Jun/2010:18:58:53 :: 19643] asked to stop immediately
[21/Jun/2010:18:58:53 :: 19643] stopping after explicit exit
[21/Jun/2010:18:59:04 :: 23147] starting
[21/Jun/2010:19:00:18 :: 23147] asked to stop immediately
[21/Jun/2010:19:00:18 :: 23147] stopping after explicit exit
[21/Jun/2010:19:00:23 :: 26790] starting
[21/Jun/2010:19:02:37 :: 26790] asked to stop immediately
[21/Jun/2010:19:02:37 :: 26790] stopping after explicit exit
[21/Jun/2010:19:02:53 :: 520] starting
[21/Jun/2010:19:06:25 :: 520] asked to stop immediately
[21/Jun/2010:19:06:25 :: 520] stopping after explicit exit
[21/Jun/2010:19:07:49 :: 12336] starting
[21/Jun/2010:19:09:02 :: 12336] asked to stop immediately
[21/Jun/2010:19:09:02 :: 12336] stopping after explicit exit
[21/Jun/2010:19:09:33 :: 16929] starting
[21/Jun/2010:19:13:57 :: 16929] asked to stop immediately
[21/Jun/2010:19:13:57 :: 16929] stopping after explicit exit
[21/Jun/2010:19:15:12 :: 359] starting
[21/Jun/2010:19:16:23 :: 359] asked to stop immediately
[21/Jun/2010:19:16:23 :: 359] stopping after explicit exit
[21/Jun/2010:19:16:47 :: 5654] starting
[21/Jun/2010:19:18:27 :: 5654] asked to stop immediately
[21/Jun/2010:19:18:27 :: 5654] stopping after explicit exit
[21/Jun/2010:19:18:31 :: 11664] starting
[21/Jun/2010:19:19:53 :: 11664] asked to stop immediately
[21/Jun/2010:19:19:53 :: 11664] stopping after explicit exit
[21/Jun/2010:19:20:21 :: 18704] starting
[21/Jun/2010:19:25:22 :: 18704] asked to stop immediately
[21/Jun/2010:19:25:22 :: 18704] stopping after explicit exit
[21/Jun/2010:19:25:27 :: 2597] starting
[21/Jun/2010:19:30:00 :: 2597] asked to stop immediately
[21/Jun/2010:19:30:00 :: 2597] stopping after explicit exit
[21/Jun/2010:19:30:48 :: 20771] starting
[21/Jun/2010:19:33:44 :: 20771] asked to stop immediately
[21/Jun/2010:19:33:44 :: 20771] stopping after explicit exit
[21/Jun/2010:19:37:38 :: 13277] starting
[21/Jun/2010:19:42:43 :: 13277] asked to stop immediately
[21/Jun/2010:19:42:43 :: 13277] stopping after explicit exit
[21/Jun/2010:19:45:01 :: 1379] starting
[21/Jun/2010:19:50:09 :: 1379] asked to stop immediately
[21/Jun/2010:19:50:09 :: 1379] stopping after explicit exit
[21/Jun/2010:19:50:30 :: 15646] starting
[21/Jun/2010:19:51:34 :: 15646] asked to stop immediately
[21/Jun/2010:19:51:34 :: 15646] stopping after explicit exit
[21/Jun/2010:19:54:55 :: 30809] starting
[21/Jun/2010:19:56:45 :: 30809] asked to stop immediately
[21/Jun/2010:19:56:45 :: 30809] stopping after explicit exit
[21/Jun/2010:19:58:30 :: 8941] starting
[21/Jun/2010:20:01:21 :: 8941] asked to stop immediately
[21/Jun/2010:20:01:21 :: 8941] stopping after explicit exit
[21/Jun/2010:20:02:48 :: 21163] starting
[21/Jun/2010:20:07:58 :: 21163] asked to stop immediately
[21/Jun/2010:20:07:58 :: 21163] stopping after explicit exit
[21/Jun/2010:20:09:57 :: 6538] starting
[21/Jun/2010:20:11:09 :: 6538] asked to stop immediately
[21/Jun/2010:20:11:09 :: 6538] stopping after explicit exit
[21/Jun/2010:20:11:50 :: 11943] starting
[21/Jun/2010:20:13:10 :: 11943] asked to stop immediately
[21/Jun/2010:20:13:10 :: 11943] stopping after explicit exit
[21/Jun/2010:20:19:16 :: 29919] starting
[21/Jun/2010:20:20:53 :: 29919] asked to stop immediately
[21/Jun/2010:20:20:53 :: 29919] stopping after explicit exit
[21/Jun/2010:20:25:33 :: 12359] starting
[21/Jun/2010:20:26:59 :: 12359] asked to stop immediately
[21/Jun/2010:20:26:59 :: 12359] stopping after explicit exit
[21/Jun/2010:20:31:31 :: 27380] starting
[21/Jun/2010:20:32:51 :: 27380] asked to stop immediately
[21/Jun/2010:20:32:51 :: 27380] stopping after explicit exit
[21/Jun/2010:20:33:23 :: 31464] starting
[21/Jun/2010:20:34:57 :: 31464] asked to stop immediately
[21/Jun/2010:20:34:57 :: 31464] stopping after explicit exit
[21/Jun/2010:20:45:08 :: 27217] starting
[21/Jun/2010:20:46:15 :: 27217] asked to stop immediately
[21/Jun/2010:20:46:15 :: 27217] stopping after explicit exit
[21/Jun/2010:20:46:55 :: 30885] starting
[21/Jun/2010:20:48:01 :: 30885] asked to stop immediately
[21/Jun/2010:20:48:01 :: 30885] stopping after explicit exit
[21/Jun/2010:20:54:20 :: 18628] starting
[21/Jun/2010:20:54:32 :: 18628] asked to stop immediately
[21/Jun/2010:20:54:32 :: 18628] stopping after explicit exit
[21/Jun/2010:20:59:13 :: 29988] starting
[21/Jun/2010:21:00:27 :: 29988] asked to stop immediately
[21/Jun/2010:21:00:27 :: 29988] stopping after explicit exit
[21/Jun/2010:21:05:42 :: 15737] starting
[21/Jun/2010:21:08:01 :: 15737] asked to stop immediately
[21/Jun/2010:21:08:01 :: 15737] stopping after explicit exit
[21/Jun/2010:21:09:41 :: 29885] starting
[21/Jun/2010:21:10:50 :: 29885] asked to stop immediately
[21/Jun/2010:21:10:50 :: 29885] stopping after explicit exit
[21/Jun/2010:21:34:48 :: 6091] starting
[21/Jun/2010:21:35:54 :: 6091] asked to stop immediately
[21/Jun/2010:21:35:54 :: 6091] stopping after explicit exit
[21/Jun/2010:21:38:37 :: 14835] starting
[21/Jun/2010:21:39:21 :: 14835] asked to stop immediately
[21/Jun/2010:21:39:21 :: 14835] stopping after explicit exit
[22/Jun/2010:00:16:50 :: 28465] starting
[22/Jun/2010:00:17:57 :: 28465] asked to stop immediately
[22/Jun/2010:00:17:57 :: 28465] stopping after explicit exit
[24/Jun/2010:15:01:57 :: 14423] starting
[24/Jun/2010:15:03:11 :: 14423] asked to stop immediately
[24/Jun/2010:15:03:11 :: 14423] stopping after explicit exit
[24/Jun/2010:15:08:57 :: 5153] starting
[24/Jun/2010:15:14:12 :: 5153] asked to stop immediately
[24/Jun/2010:15:14:12 :: 5153] stopping after explicit exit
[24/Jun/2010:15:14:58 :: 26455] starting
[24/Jun/2010:15:16:14 :: 26455] asked to stop immediately
[24/Jun/2010:15:16:14 :: 26455] stopping after explicit exit
[28/Jun/2010:22:56:13 :: 17669] starting
[28/Jun/2010:22:57:28 :: 17669] asked to stop immediately
[28/Jun/2010:22:57:28 :: 17669] stopping after explicit exit
[02/Jul/2010:10:00:27 :: 18712] starting
[02/Jul/2010:10:01:31 :: 18712] asked to stop immediately
[02/Jul/2010:10:01:31 :: 18712] stopping after explicit exit
[09/Jul/2010:23:39:02 :: 14928] starting
[09/Jul/2010:23:40:12 :: 14928] asked to stop immediately
[09/Jul/2010:23:40:12 :: 14928] stopping after explicit exit
[13/Jul/2010:21:44:17 :: 1822] starting
[13/Jul/2010:21:45:23 :: 1822] asked to stop immediately
[13/Jul/2010:21:45:23 :: 1822] stopping after explicit exit
[25/Jul/2010:22:04:27 :: 9493] starting
[25/Jul/2010:22:05:36 :: 9493] asked to stop immediately
[25/Jul/2010:22:05:36 :: 9493] stopping after explicit exit
[28/Jul/2010:13:37:48 :: 7993] starting
[28/Jul/2010:13:38:46 :: 7993] asked to stop immediately
[28/Jul/2010:13:38:46 :: 7993] stopping after explicit exit
[04/Aug/2010:02:59:29 :: 10302] starting
[04/Aug/2010:03:00:26 :: 10302] asked to stop immediately
[04/Aug/2010:03:00:26 :: 10302] stopping after explicit exit
[04/Aug/2010:10:10:55 :: 10495] starting
[04/Aug/2010:10:12:05 :: 10495] asked to stop immediately
[04/Aug/2010:10:12:05 :: 10495] stopping after explicit exit
[04/Aug/2010:14:37:47 :: 3593] starting
[04/Aug/2010:14:38:48 :: 3593] asked to stop immediately
[04/Aug/2010:14:38:48 :: 3593] stopping after explicit exit
[05/Aug/2010:08:29:22 :: 19368] starting
[05/Aug/2010:08:30:20 :: 19368] asked to stop immediately
[05/Aug/2010:08:30:20 :: 19368] stopping after explicit exit
[07/Aug/2010:22:29:31 :: 31219] starting
[07/Aug/2010:22:30:46 :: 31219] asked to stop immediately
[07/Aug/2010:22:30:46 :: 31219] stopping after explicit exit
[13/Aug/2010:23:43:21 :: 10888] starting
[13/Aug/2010:23:44:33 :: 10888] asked to stop immediately
[13/Aug/2010:23:44:33 :: 10888] stopping after explicit exit
[16/Aug/2010:15:47:47 :: 840] starting
[16/Aug/2010:15:48:31 :: 840] asked to stop immediately
[16/Aug/2010:15:48:31 :: 840] stopping after explicit exit
[22/Aug/2010:11:58:28 :: 12632] starting
[22/Aug/2010:11:59:29 :: 12632] asked to stop immediately
[22/Aug/2010:11:59:29 :: 12632] stopping after explicit exit
[12/Mar/2011:22:43:04 :: 17410] starting
[12/Mar/2011:22:45:02 :: 17410] asked to stop immediately
[12/Mar/2011:22:45:02 :: 17410] stopping after explicit exit
[12/Mar/2011:22:57:44 :: 14887] starting
[12/Mar/2011:22:58:45 :: 14887] asked to stop immediately
[12/Mar/2011:22:58:45 :: 14887] stopping after explicit exit
[12/Mar/2011:23:03:13 :: 25073] starting
[12/Mar/2011:23:04:21 :: 25073] asked to stop immediately
[12/Mar/2011:23:04:21 :: 25073] stopping after explicit exit
[12/Mar/2011:23:09:36 :: 4944] starting
[12/Mar/2011:23:10:36 :: 4944] asked to stop immediately
[12/Mar/2011:23:10:36 :: 4944] stopping after explicit exit
[12/Mar/2011:23:20:07 :: 26657] starting
[12/Mar/2011:23:21:16 :: 26657] asked to stop immediately
[12/Mar/2011:23:21:16 :: 26657] stopping after explicit exit
[12/Mar/2011:23:21:30 :: 29413] starting
[12/Mar/2011:23:22:39 :: 29413] asked to stop immediately
[12/Mar/2011:23:22:39 :: 29413] stopping after explicit exit
[12/Mar/2011:23:27:31 :: 8919] starting
[12/Mar/2011:23:29:29 :: 8919] asked to stop immediately
[12/Mar/2011:23:29:29 :: 8919] stopping after explicit exit
[12/Mar/2011:23:30:29 :: 15027] starting
[12/Mar/2011:23:31:26 :: 15027] asked to stop immediately
[12/Mar/2011:23:31:26 :: 15027] stopping after explicit exit
[12/Mar/2011:23:34:36 :: 22308] starting
[12/Mar/2011:23:35:45 :: 22308] asked to stop immediately
[12/Mar/2011:23:35:45 :: 22308] stopping after explicit exit
[12/Mar/2011:23:36:40 :: 26616] starting
[12/Mar/2011:23:37:50 :: 26616] asked to stop immediately
[12/Mar/2011:23:37:50 :: 26616] stopping after explicit exit
[13/Mar/2011:00:16:32 :: 1723] starting
[13/Mar/2011:00:17:45 :: 1723] asked to stop immediately
[13/Mar/2011:00:17:45 :: 1723] stopping after explicit exit
[13/Mar/2011:00:17:58 :: 4444] starting
[13/Mar/2011:00:19:09 :: 4444] asked to stop immediately
[13/Mar/2011:00:19:09 :: 4444] stopping after explicit exit
[13/Mar/2011:15:17:49 :: 24587] starting
[13/Mar/2011:15:19:03 :: 24587] asked to stop immediately
[13/Mar/2011:15:19:03 :: 24587] stopping after explicit exit
[13/Mar/2011:15:29:41 :: 14969] starting
[13/Mar/2011:15:30:47 :: 14969] asked to stop immediately
[13/Mar/2011:15:30:47 :: 14969] stopping after explicit exit
[13/Mar/2011:15:34:02 :: 24551] starting
[13/Mar/2011:15:35:24 :: 24551] asked to stop immediately
[13/Mar/2011:15:35:24 :: 24551] stopping after explicit exit
[13/Mar/2011:15:42:31 :: 10457] starting
[13/Mar/2011:15:43:47 :: 10457] asked to stop immediately
[13/Mar/2011:15:43:47 :: 10457] stopping after explicit exit
[13/Mar/2011:15:47:03 :: 19021] starting
[13/Mar/2011:15:48:24 :: 19021] asked to stop immediately
[13/Mar/2011:15:48:24 :: 19021] stopping after explicit exit
[13/Mar/2011:15:48:38 :: 22354] starting
[13/Mar/2011:15:50:00 :: 22354] asked to stop immediately
[13/Mar/2011:15:50:00 :: 22354] stopping after explicit exit
[13/Mar/2011:16:02:42 :: 383] starting
[13/Mar/2011:16:03:41 :: 383] asked to stop immediately
[13/Mar/2011:16:03:41 :: 383] stopping after explicit exit
[13/Mar/2011:16:25:58 :: 15756] starting
[13/Mar/2011:16:27:20 :: 15756] asked to stop immediately
[13/Mar/2011:16:27:20 :: 15756] stopping after explicit exit
[13/Mar/2011:16:27:47 :: 19836] starting
[13/Mar/2011:16:28:44 :: 19836] asked to stop immediately
[13/Mar/2011:16:28:44 :: 19836] stopping after explicit exit
[13/Mar/2011:16:29:57 :: 24058] starting
[13/Mar/2011:16:30:59 :: 24058] asked to stop immediately
[13/Mar/2011:16:30:59 :: 24058] stopping after explicit exit
[13/Mar/2011:16:32:34 :: 29756] starting
[13/Mar/2011:16:33:39 :: 29756] asked to stop immediately
[13/Mar/2011:16:33:39 :: 29756] stopping after explicit exit
[13/Mar/2011:16:39:33 :: 11481] starting
[13/Mar/2011:16:40:38 :: 11481] asked to stop immediately
[13/Mar/2011:16:40:38 :: 11481] stopping after explicit exit
[13/Mar/2011:16:48:21 :: 28799] starting
[13/Mar/2011:16:49:34 :: 28799] asked to stop immediately
[13/Mar/2011:16:49:34 :: 28799] stopping after explicit exit
[13/Mar/2011:16:51:10 :: 2260] starting
[13/Mar/2011:16:52:11 :: 2260] asked to stop immediately
[13/Mar/2011:16:52:11 :: 2260] stopping after explicit exit
[13/Mar/2011:16:55:04 :: 12480] starting
[13/Mar/2011:16:56:10 :: 12480] asked to stop immediately
[13/Mar/2011:16:56:10 :: 12480] stopping after explicit exit
[13/Mar/2011:16:58:04 :: 17752] starting
[13/Mar/2011:16:59:17 :: 17752] asked to stop immediately
[13/Mar/2011:16:59:17 :: 17752] stopping after explicit exit
[13/Mar/2011:17:05:09 :: 30508] starting
[13/Mar/2011:17:09:18 :: 30508] asked to stop immediately
[13/Mar/2011:17:09:18 :: 30508] stopping after explicit exit
[13/Mar/2011:17:10:07 :: 5955] starting
[13/Mar/2011:17:12:08 :: 5955] asked to stop immediately
[13/Mar/2011:17:12:08 :: 5955] stopping after explicit exit
[13/Mar/2011:17:12:44 :: 10612] starting
[13/Mar/2011:17:14:41 :: 10612] asked to stop immediately
[13/Mar/2011:17:14:41 :: 10612] stopping after explicit exit
[13/Mar/2011:17:15:12 :: 15867] starting
[13/Mar/2011:17:16:24 :: 15867] asked to stop immediately
[13/Mar/2011:17:16:24 :: 15867] stopping after explicit exit
[13/Mar/2011:17:28:29 :: 9472] starting
[13/Mar/2011:17:30:21 :: 9472] asked to stop immediately
[13/Mar/2011:17:30:21 :: 9472] stopping after explicit exit
[13/Mar/2011:17:30:53 :: 14556] starting
[13/Mar/2011:17:32:02 :: 14556] asked to stop immediately
[13/Mar/2011:17:32:02 :: 14556] stopping after explicit exit
[13/Mar/2011:17:32:14 :: 16794] starting
[13/Mar/2011:17:33:28 :: 16794] asked to stop immediately
[13/Mar/2011:17:33:28 :: 16794] stopping after explicit exit
[13/Mar/2011:17:37:45 :: 27098] starting
[13/Mar/2011:17:38:59 :: 27098] asked to stop immediately
[13/Mar/2011:17:38:59 :: 27098] stopping after explicit exit
[13/Mar/2011:17:39:20 :: 29989] starting
[13/Mar/2011:17:40:23 :: 29989] asked to stop immediately
[13/Mar/2011:17:40:23 :: 29989] stopping after explicit exit
[13/Mar/2011:17:40:31 :: 32173] starting
[13/Mar/2011:17:41:36 :: 32173] asked to stop immediately
[13/Mar/2011:17:41:36 :: 32173] stopping after explicit exit
[13/Mar/2011:17:43:30 :: 5183] starting
[13/Mar/2011:17:46:34 :: 5183] asked to stop immediately
[13/Mar/2011:17:46:34 :: 5183] stopping after explicit exit
[13/Mar/2011:18:17:16 :: 10047] starting
[13/Mar/2011:18:18:28 :: 10047] asked to stop immediately
[13/Mar/2011:18:18:28 :: 10047] stopping after explicit exit
[13/Mar/2011:18:19:14 :: 14680] starting
[13/Mar/2011:18:20:30 :: 14680] asked to stop immediately
[13/Mar/2011:18:20:30 :: 14680] stopping after explicit exit
[13/Mar/2011:18:24:40 :: 25745] starting
[13/Mar/2011:18:25:52 :: 25745] asked to stop immediately
[13/Mar/2011:18:25:52 :: 25745] stopping after explicit exit
[13/Mar/2011:18:30:20 :: 4358] starting
[13/Mar/2011:18:32:50 :: 4358] asked to stop immediately
[13/Mar/2011:18:32:50 :: 4358] stopping after explicit exit
[13/Mar/2011:18:34:01 :: 12056] starting
[13/Mar/2011:18:35:00 :: 12056] asked to stop immediately
[13/Mar/2011:18:35:00 :: 12056] stopping after explicit exit
[13/Mar/2011:18:35:26 :: 15354] starting
[13/Mar/2011:18:36:32 :: 15354] asked to stop immediately
[13/Mar/2011:18:36:32 :: 15354] stopping after explicit exit
[13/Mar/2011:18:36:48 :: 17709] starting
[13/Mar/2011:18:37:52 :: 17709] asked to stop immediately
[13/Mar/2011:18:37:52 :: 17709] stopping after explicit exit
[13/Mar/2011:18:41:22 :: 25426] starting
[13/Mar/2011:18:42:30 :: 25426] asked to stop immediately
[13/Mar/2011:18:42:30 :: 25426] stopping after explicit exit
[13/Mar/2011:18:44:27 :: 31238] starting
[13/Mar/2011:18:45:54 :: 31238] asked to stop immediately
[13/Mar/2011:18:45:54 :: 31238] stopping after explicit exit
[13/Mar/2011:18:48:20 :: 5430] starting
[13/Mar/2011:18:49:22 :: 5430] asked to stop immediately
[13/Mar/2011:18:49:22 :: 5430] stopping after explicit exit
[13/Mar/2011:18:49:30 :: 7269] starting
[13/Mar/2011:18:50:33 :: 7269] asked to stop immediately
[13/Mar/2011:18:50:33 :: 7269] stopping after explicit exit
[13/Mar/2011:18:50:37 :: 8996] starting
[13/Mar/2011:18:51:44 :: 8996] asked to stop immediately
[13/Mar/2011:18:51:44 :: 8996] stopping after explicit exit
[13/Mar/2011:18:59:29 :: 25088] starting
[13/Mar/2011:19:01:16 :: 25088] asked to stop immediately
[13/Mar/2011:19:01:16 :: 25088] stopping after explicit exit
[13/Mar/2011:19:02:10 :: 29154] starting
[13/Mar/2011:19:02:36 :: 29154] asked to stop immediately
[13/Mar/2011:19:02:36 :: 29154] stopping after explicit exit
[13/Mar/2011:22:25:31 :: 13224] starting
[13/Mar/2011:22:26:12 :: 13224] asked to stop immediately
[13/Mar/2011:22:26:12 :: 13224] stopping after explicit exit
[13/Mar/2011:22:44:08 :: 18759] starting
[13/Mar/2011:22:45:18 :: 18759] asked to stop immediately
[13/Mar/2011:22:45:18 :: 18759] stopping after explicit exit
[13/Mar/2011:22:48:29 :: 26871] starting
[13/Mar/2011:22:51:32 :: 26871] asked to stop immediately
[13/Mar/2011:22:51:32 :: 26871] stopping after explicit exit
[13/Mar/2011:22:52:19 :: 2154] starting
[13/Mar/2011:22:54:36 :: 2154] asked to stop immediately
[13/Mar/2011:22:54:36 :: 2154] stopping after explicit exit
[13/Mar/2011:22:56:01 :: 10132] starting
[13/Mar/2011:22:57:51 :: 10132] asked to stop immediately
[13/Mar/2011:22:57:51 :: 10132] stopping after explicit exit
[13/Mar/2011:23:00:00 :: 16349] starting
[13/Mar/2011:23:01:03 :: 16349] asked to stop immediately
[13/Mar/2011:23:01:03 :: 16349] stopping after explicit exit
[13/Mar/2011:23:01:49 :: 19666] starting
[13/Mar/2011:23:03:04 :: 19666] asked to stop immediately
[13/Mar/2011:23:03:04 :: 19666] stopping after explicit exit
[13/Mar/2011:23:07:05 :: 29363] starting
[13/Mar/2011:23:08:14 :: 29363] asked to stop immediately
[13/Mar/2011:23:08:14 :: 29363] stopping after explicit exit
[13/Mar/2011:23:09:26 :: 1126] starting
[13/Mar/2011:23:11:19 :: 1126] asked to stop immediately
[13/Mar/2011:23:11:19 :: 1126] stopping after explicit exit
[13/Mar/2011:23:12:55 :: 7918] starting
[13/Mar/2011:23:14:08 :: 7918] asked to stop immediately
[13/Mar/2011:23:14:08 :: 7918] stopping after explicit exit
[13/Mar/2011:23:16:48 :: 15156] starting
[13/Mar/2011:23:18:05 :: 15156] asked to stop immediately
[13/Mar/2011:23:18:05 :: 15156] stopping after explicit exit
[13/Mar/2011:23:19:38 :: 20489] starting
[13/Mar/2011:23:20:56 :: 20489] asked to stop immediately
[13/Mar/2011:23:20:56 :: 20489] stopping after explicit exit
[13/Mar/2011:23:22:02 :: 25232] starting
[13/Mar/2011:23:24:21 :: 25232] asked to stop immediately
[13/Mar/2011:23:24:21 :: 25232] stopping after explicit exit
[13/Mar/2011:23:24:32 :: 29596] starting
[13/Mar/2011:23:25:31 :: 29596] asked to stop immediately
[13/Mar/2011:23:25:31 :: 29596] stopping after explicit exit
[13/Mar/2011:23:26:01 :: 32322] starting
[13/Mar/2011:23:28:39 :: 32322] asked to stop immediately
[13/Mar/2011:23:28:39 :: 32322] stopping after explicit exit
[13/Mar/2011:23:29:28 :: 5928] starting
[13/Mar/2011:23:31:13 :: 5928] asked to stop immediately
[13/Mar/2011:23:31:13 :: 5928] stopping after explicit exit
[13/Mar/2011:23:32:27 :: 11306] starting
[13/Mar/2011:23:33:46 :: 11306] asked to stop immediately
[13/Mar/2011:23:33:46 :: 11306] stopping after explicit exit
[13/Mar/2011:23:33:55 :: 14206] starting
[13/Mar/2011:23:35:45 :: 14206] asked to stop immediately
[13/Mar/2011:23:35:45 :: 14206] stopping after explicit exit
[13/Mar/2011:23:37:11 :: 20150] starting
[13/Mar/2011:23:39:27 :: 20150] asked to stop immediately
[13/Mar/2011:23:39:27 :: 20150] stopping after explicit exit
[13/Mar/2011:23:39:31 :: 24217] starting
[13/Mar/2011:23:41:06 :: 24217] asked to stop immediately
[13/Mar/2011:23:41:06 :: 24217] stopping after explicit exit
[13/Mar/2011:23:43:28 :: 31700] starting
[13/Mar/2011:23:45:08 :: 31700] asked to stop immediately
[13/Mar/2011:23:45:08 :: 31700] stopping after explicit exit
[13/Mar/2011:23:55:21 :: 24403] starting
[13/Mar/2011:23:57:19 :: 24403] asked to stop immediately
[13/Mar/2011:23:57:19 :: 24403] stopping after explicit exit
[13/Mar/2011:23:57:44 :: 28668] starting
[13/Mar/2011:23:58:51 :: 28668] asked to stop immediately
[13/Mar/2011:23:58:51 :: 28668] stopping after explicit exit
[13/Mar/2011:23:59:10 :: 31328] starting
[14/Mar/2011:00:00:17 :: 31328] asked to stop immediately
[14/Mar/2011:00:00:17 :: 31328] stopping after explicit exit
[14/Mar/2011:00:01:25 :: 3575] starting
[14/Mar/2011:00:02:36 :: 3575] asked to stop immediately
[14/Mar/2011:00:02:36 :: 3575] stopping after explicit exit
[14/Mar/2011:00:03:29 :: 7218] starting
[14/Mar/2011:00:04:32 :: 7218] asked to stop immediately
[14/Mar/2011:00:04:32 :: 7218] stopping after explicit exit
[14/Mar/2011:00:05:59 :: 12099] starting
[14/Mar/2011:00:07:05 :: 12099] asked to stop immediately
[14/Mar/2011:00:07:05 :: 12099] stopping after explicit exit
[14/Mar/2011:00:11:16 :: 21807] starting
[14/Mar/2011:00:12:52 :: 21807] asked to stop immediately
[14/Mar/2011:00:12:52 :: 21807] stopping after explicit exit
[14/Mar/2011:00:13:14 :: 25183] starting
[14/Mar/2011:00:14:37 :: 25183] asked to stop immediately
[14/Mar/2011:00:14:37 :: 25183] stopping after explicit exit
[14/Mar/2011:00:15:35 :: 29993] starting
[14/Mar/2011:00:16:35 :: 29993] asked to stop immediately
[14/Mar/2011:00:16:35 :: 29993] stopping after explicit exit
[14/Mar/2011:00:16:40 :: 32109] starting
[14/Mar/2011:00:17:45 :: 32109] asked to stop immediately
[14/Mar/2011:00:17:45 :: 32109] stopping after explicit exit
[14/Mar/2011:00:18:06 :: 2136] starting
[14/Mar/2011:00:19:04 :: 2136] asked to stop immediately
[14/Mar/2011:00:19:04 :: 2136] stopping after explicit exit
[14/Mar/2011:00:20:24 :: 6887] starting
[14/Mar/2011:00:22:29 :: 6887] asked to stop immediately
[14/Mar/2011:00:22:29 :: 6887] stopping after explicit exit
[14/Mar/2011:00:25:44 :: 19493] starting
[14/Mar/2011:00:26:47 :: 19493] asked to stop immediately
[14/Mar/2011:00:26:47 :: 19493] stopping after explicit exit
[14/Mar/2011:00:27:13 :: 23501] starting
[14/Mar/2011:00:29:35 :: 23501] asked to stop immediately
[14/Mar/2011:00:29:35 :: 23501] stopping after explicit exit
[14/Mar/2011:00:31:38 :: 1399] starting
[14/Mar/2011:00:34:25 :: 1399] asked to stop immediately
[14/Mar/2011:00:34:25 :: 1399] stopping after explicit exit
[14/Mar/2011:00:36:13 :: 12519] starting
[14/Mar/2011:00:38:32 :: 12519] asked to stop immediately
[14/Mar/2011:00:38:32 :: 12519] stopping after explicit exit
[14/Mar/2011:00:38:39 :: 19168] starting
[14/Mar/2011:00:38:39 :: 19217] starting
[14/Mar/2011:00:39:36 :: 19168] asked to stop immediately
[14/Mar/2011:00:39:36 :: 19168] stopping after explicit exit
[14/Mar/2011:00:39:52 :: 19217] asked to stop immediately
[14/Mar/2011:00:39:52 :: 19217] stopping after explicit exit
[14/Mar/2011:00:40:51 :: 24189] starting
[14/Mar/2011:00:42:00 :: 24189] asked to stop immediately
[14/Mar/2011:00:42:00 :: 24189] stopping after explicit exit
[14/Mar/2011:00:42:02 :: 27725] starting
[14/Mar/2011:00:43:04 :: 27725] asked to stop immediately
[14/Mar/2011:00:43:04 :: 27725] stopping after explicit exit
[14/Mar/2011:00:49:24 :: 7715] starting
[14/Mar/2011:00:50:00 :: 7715] asked to stop immediately
[14/Mar/2011:00:50:00 :: 7715] stopping after explicit exit
[14/Mar/2011:00:51:24 :: 13456] starting
[14/Mar/2011:00:52:24 :: 13456] asked to stop immediately
[14/Mar/2011:00:52:24 :: 13456] stopping after explicit exit
[14/Mar/2011:00:57:30 :: 29768] starting
[14/Mar/2011:00:58:37 :: 29768] asked to stop immediately
[14/Mar/2011:00:58:37 :: 29768] stopping after explicit exit
[14/Mar/2011:00:59:29 :: 1807] starting
[14/Mar/2011:01:00:30 :: 1807] asked to stop immediately
[14/Mar/2011:01:00:30 :: 1807] stopping after explicit exit
[14/Mar/2011:01:01:33 :: 6607] starting
[14/Mar/2011:01:04:45 :: 6607] asked to stop immediately
[14/Mar/2011:01:04:45 :: 6607] stopping after explicit exit
[14/Mar/2011:01:06:02 :: 16447] starting
[14/Mar/2011:01:06:54 :: 16447] asked to stop immediately
[14/Mar/2011:01:06:54 :: 16447] stopping after explicit exit
[14/Mar/2011:01:10:12 :: 27926] starting
[14/Mar/2011:01:11:19 :: 27926] asked to stop immediately
[14/Mar/2011:01:11:19 :: 27926] stopping after explicit exit
[14/Mar/2011:01:11:51 :: 31305] starting
[14/Mar/2011:01:13:00 :: 31305] asked to stop immediately
[14/Mar/2011:01:13:00 :: 31305] stopping after explicit exit
[14/Mar/2011:01:13:44 :: 3047] starting
[14/Mar/2011:01:15:40 :: 3047] asked to stop immediately
[14/Mar/2011:01:15:40 :: 3047] stopping after explicit exit
[14/Mar/2011:01:15:54 :: 8178] starting
[14/Mar/2011:01:17:00 :: 8178] asked to stop immediately
[14/Mar/2011:01:17:00 :: 8178] stopping after explicit exit
[14/Mar/2011:01:17:37 :: 12750] starting
[14/Mar/2011:01:18:36 :: 12750] asked to stop immediately
[14/Mar/2011:01:18:36 :: 12750] stopping after explicit exit
[14/Mar/2011:01:19:46 :: 18522] starting
[14/Mar/2011:01:20:44 :: 18522] asked to stop immediately
[14/Mar/2011:01:20:44 :: 18522] stopping after explicit exit
[14/Mar/2011:01:25:00 :: 32012] starting
[14/Mar/2011:01:26:52 :: 32012] asked to stop immediately
[14/Mar/2011:01:26:52 :: 32012] stopping after explicit exit
[14/Mar/2011:01:27:06 :: 4606] starting
[14/Mar/2011:01:29:00 :: 4606] asked to stop immediately
[14/Mar/2011:01:29:00 :: 4606] stopping after explicit exit
[14/Mar/2011:01:29:19 :: 10059] starting
[14/Mar/2011:01:30:20 :: 10059] asked to stop immediately
[14/Mar/2011:01:30:20 :: 10059] stopping after explicit exit
[14/Mar/2011:01:31:31 :: 15156] starting
[14/Mar/2011:01:32:29 :: 15156] asked to stop immediately
[14/Mar/2011:01:32:29 :: 15156] stopping after explicit exit
[14/Mar/2011:01:32:45 :: 17684] starting
[14/Mar/2011:01:33:49 :: 17684] asked to stop immediately
[14/Mar/2011:01:33:49 :: 17684] stopping after explicit exit
[14/Mar/2011:01:36:19 :: 26267] starting
[14/Mar/2011:01:39:26 :: 26267] asked to stop immediately
[14/Mar/2011:01:39:26 :: 26267] stopping after explicit exit
[14/Mar/2011:01:40:51 :: 3928] starting
[14/Mar/2011:01:41:50 :: 3928] asked to stop immediately
[14/Mar/2011:01:41:50 :: 3928] stopping after explicit exit
[14/Mar/2011:01:44:49 :: 14117] starting
[14/Mar/2011:01:45:50 :: 14117] asked to stop immediately
[14/Mar/2011:01:45:50 :: 14117] stopping after explicit exit
[14/Mar/2011:01:46:23 :: 18086] starting
[14/Mar/2011:01:49:11 :: 18086] asked to stop immediately
[14/Mar/2011:01:49:11 :: 18086] stopping after explicit exit
[14/Mar/2011:01:49:42 :: 27039] starting
[14/Mar/2011:01:50:48 :: 27039] asked to stop immediately
[14/Mar/2011:01:50:48 :: 27039] stopping after explicit exit
[14/Mar/2011:01:50:49 :: 29552] starting
[14/Mar/2011:01:51:52 :: 29552] asked to stop immediately
[14/Mar/2011:01:51:52 :: 29552] stopping after explicit exit
[14/Mar/2011:01:53:44 :: 4688] starting
[14/Mar/2011:01:54:48 :: 4688] asked to stop immediately
[14/Mar/2011:01:54:48 :: 4688] stopping after explicit exit
[14/Mar/2011:01:56:06 :: 10583] starting
[14/Mar/2011:01:57:12 :: 10583] asked to stop immediately
[14/Mar/2011:01:57:12 :: 10583] stopping after explicit exit
[14/Mar/2011:01:59:33 :: 18387] starting
[14/Mar/2011:01:59:34 :: 18431] starting
[14/Mar/2011:01:59:37 :: 18557] starting
[14/Mar/2011:02:00:40 :: 18557] asked to stop immediately
[14/Mar/2011:02:00:40 :: 18557] stopping after explicit exit
[14/Mar/2011:02:00:40 :: 18387] asked to stop immediately
[14/Mar/2011:02:00:40 :: 18387] stopping after explicit exit
[14/Mar/2011:02:00:40 :: 18431] asked to stop immediately
[14/Mar/2011:02:00:40 :: 18431] stopping after explicit exit
[14/Mar/2011:02:19:56 :: 30765] starting
[14/Mar/2011:02:21:20 :: 30765] asked to stop immediately
[14/Mar/2011:02:21:20 :: 30765] stopping after explicit exit
[14/Mar/2011:02:31:26 :: 23997] starting
[14/Mar/2011:02:32:33 :: 23997] asked to stop immediately
[14/Mar/2011:02:32:33 :: 23997] stopping after explicit exit
[14/Mar/2011:02:33:48 :: 30026] starting
[14/Mar/2011:02:34:45 :: 30026] asked to stop immediately
[14/Mar/2011:02:34:45 :: 30026] stopping after explicit exit
[14/Mar/2011:02:41:16 :: 14325] starting
[14/Mar/2011:02:42:06 :: 14325] asked to stop immediately
[14/Mar/2011:02:42:06 :: 14325] stopping after explicit exit
[14/Mar/2011:02:42:51 :: 17905] starting
[14/Mar/2011:02:44:06 :: 17905] asked to stop immediately
[14/Mar/2011:02:44:06 :: 17905] stopping after explicit exit
[14/Mar/2011:09:35:45 :: 29919] starting
[14/Mar/2011:09:36:51 :: 29919] asked to stop immediately
[14/Mar/2011:09:36:51 :: 29919] stopping after explicit exit
[14/Mar/2011:10:12:10 :: 24979] starting
[14/Mar/2011:10:13:14 :: 24979] asked to stop immediately
[14/Mar/2011:10:13:14 :: 24979] stopping after explicit exit
[14/Mar/2011:10:16:13 :: 4294] starting
[14/Mar/2011:10:17:44 :: 4294] asked to stop immediately
[14/Mar/2011:10:17:44 :: 4294] stopping after explicit exit
[14/Mar/2011:10:18:20 :: 10294] starting
[14/Mar/2011:10:19:21 :: 10294] asked to stop immediately
[14/Mar/2011:10:19:21 :: 10294] stopping after explicit exit
[14/Mar/2011:10:21:27 :: 19280] starting
[14/Mar/2011:10:22:31 :: 19280] asked to stop immediately
[14/Mar/2011:10:22:31 :: 19280] stopping after explicit exit
[14/Mar/2011:10:27:59 :: 5225] starting
[14/Mar/2011:10:29:59 :: 5225] asked to stop immediately
[14/Mar/2011:10:29:59 :: 5225] stopping after explicit exit
[14/Mar/2011:10:32:23 :: 17086] starting
[14/Mar/2011:10:33:35 :: 17086] asked to stop immediately
[14/Mar/2011:10:33:35 :: 17086] stopping after explicit exit
[14/Mar/2011:10:50:12 :: 1285] starting
[14/Mar/2011:10:51:58 :: 1285] asked to stop immediately
[14/Mar/2011:10:51:58 :: 1285] stopping after explicit exit
[14/Mar/2011:10:52:34 :: 7587] starting
[14/Mar/2011:10:53:56 :: 7587] asked to stop immediately
[14/Mar/2011:10:53:56 :: 7587] stopping after explicit exit
[14/Mar/2011:10:54:27 :: 14387] starting
[14/Mar/2011:10:55:19 :: 14387] asked to stop immediately
[14/Mar/2011:10:55:19 :: 14387] stopping after explicit exit
[14/Mar/2011:10:56:05 :: 19549] starting
[14/Mar/2011:10:58:18 :: 19549] asked to stop immediately
[14/Mar/2011:10:58:18 :: 19549] stopping after explicit exit
[14/Mar/2011:11:53:25 :: 17070] starting
[14/Mar/2011:11:54:20 :: 17070] asked to stop immediately
[14/Mar/2011:11:54:20 :: 17070] stopping after explicit exit
[14/Mar/2011:11:56:46 :: 26997] starting
[14/Mar/2011:11:57:45 :: 26997] asked to stop immediately
[14/Mar/2011:11:57:45 :: 26997] stopping after explicit exit
[14/Mar/2011:11:59:52 :: 2683] starting
[14/Mar/2011:12:00:50 :: 2683] asked to stop immediately
[14/Mar/2011:12:00:50 :: 2683] stopping after explicit exit
[14/Mar/2011:12:01:03 :: 5781] starting
[14/Mar/2011:12:02:51 :: 5781] asked to stop immediately
[14/Mar/2011:12:02:51 :: 5781] stopping after explicit exit
[14/Mar/2011:12:06:33 :: 19676] starting
[14/Mar/2011:12:07:43 :: 19676] asked to stop immediately
[14/Mar/2011:12:07:43 :: 19676] stopping after explicit exit
[14/Mar/2011:12:09:47 :: 27314] starting
[14/Mar/2011:12:11:56 :: 27314] asked to stop immediately
[14/Mar/2011:12:11:56 :: 27314] stopping after explicit exit
[14/Mar/2011:12:17:42 :: 15733] starting
[14/Mar/2011:12:18:43 :: 15733] asked to stop immediately
[14/Mar/2011:12:18:43 :: 15733] stopping after explicit exit
[14/Mar/2011:14:06:54 :: 24907] starting
[14/Mar/2011:14:07:55 :: 24907] asked to stop immediately
[14/Mar/2011:14:07:55 :: 24907] stopping after explicit exit
[14/Mar/2011:14:27:28 :: 10765] starting
[14/Mar/2011:14:28:37 :: 10765] asked to stop immediately
[14/Mar/2011:14:28:37 :: 10765] stopping after explicit exit
[14/Mar/2011:15:10:28 :: 2223] starting
[14/Mar/2011:15:11:28 :: 2223] asked to stop immediately
[14/Mar/2011:15:11:28 :: 2223] stopping after explicit exit
[14/Mar/2011:15:15:30 :: 16925] starting
[14/Mar/2011:15:16:33 :: 16925] asked to stop immediately
[14/Mar/2011:15:16:33 :: 16925] stopping after explicit exit
[14/Mar/2011:15:18:25 :: 24557] starting
[14/Mar/2011:15:18:29 :: 24609] starting
[14/Mar/2011:15:19:31 :: 24557] asked to stop immediately
[14/Mar/2011:15:19:31 :: 24557] stopping after explicit exit
[14/Mar/2011:15:19:31 :: 24609] asked to stop immediately
[14/Mar/2011:15:19:31 :: 24609] stopping after explicit exit
[14/Mar/2011:15:23:40 :: 5455] starting
[14/Mar/2011:15:23:46 :: 5767] starting
[14/Mar/2011:15:24:43 :: 5455] asked to stop immediately
[14/Mar/2011:15:24:43 :: 5767] asked to stop immediately
[14/Mar/2011:15:24:43 :: 5455] stopping after explicit exit
[14/Mar/2011:15:24:43 :: 5767] stopping after explicit exit
[14/Mar/2011:15:29:03 :: 19380] starting
[14/Mar/2011:15:29:59 :: 19380] asked to stop immediately
[14/Mar/2011:15:29:59 :: 19380] stopping after explicit exit
[14/Mar/2011:15:30:10 :: 22190] starting
[14/Mar/2011:15:31:03 :: 22190] asked to stop immediately
[14/Mar/2011:15:31:03 :: 22190] stopping after explicit exit
[14/Mar/2011:15:32:01 :: 27316] starting
[14/Mar/2011:15:33:31 :: 27316] asked to stop immediately
[14/Mar/2011:15:33:31 :: 27316] stopping after explicit exit
[14/Mar/2011:15:42:15 :: 22844] starting
[14/Mar/2011:15:43:30 :: 22844] asked to stop immediately
[14/Mar/2011:15:43:30 :: 22844] stopping after explicit exit
[14/Mar/2011:15:44:37 :: 28591] starting
[14/Mar/2011:15:45:42 :: 28591] asked to stop immediately
[14/Mar/2011:15:45:42 :: 28591] stopping after explicit exit
[14/Mar/2011:15:48:25 :: 5532] starting
[14/Mar/2011:15:49:26 :: 5532] asked to stop immediately
[14/Mar/2011:15:49:26 :: 5532] stopping after explicit exit
[14/Mar/2011:15:53:21 :: 32655] starting
[14/Mar/2011:15:54:25 :: 32655] asked to stop immediately
[14/Mar/2011:15:54:25 :: 32655] stopping after explicit exit
[14/Mar/2011:15:58:59 :: 14238] starting
[14/Mar/2011:15:59:58 :: 14238] asked to stop immediately
[14/Mar/2011:15:59:58 :: 14238] stopping after explicit exit
[14/Mar/2011:16:09:13 :: 6243] starting
[14/Mar/2011:16:11:12 :: 6243] asked to stop immediately
[14/Mar/2011:16:11:12 :: 6243] stopping after explicit exit
[14/Mar/2011:16:12:33 :: 15768] starting
[14/Mar/2011:16:13:43 :: 15768] asked to stop immediately
[14/Mar/2011:16:13:43 :: 15768] stopping after explicit exit
[14/Mar/2011:16:14:39 :: 20654] starting
[14/Mar/2011:16:15:35 :: 20654] asked to stop immediately
[14/Mar/2011:16:15:35 :: 20654] stopping after explicit exit
[14/Mar/2011:16:19:37 :: 32620] starting
[14/Mar/2011:16:20:39 :: 32620] asked to stop immediately
[14/Mar/2011:16:20:39 :: 32620] stopping after explicit exit
[14/Mar/2011:16:32:54 :: 27784] starting
[14/Mar/2011:16:34:00 :: 27784] asked to stop immediately
[14/Mar/2011:16:34:00 :: 27784] stopping after explicit exit
[14/Mar/2011:16:35:04 :: 32361] starting
[14/Mar/2011:16:36:01 :: 32361] asked to stop immediately
[14/Mar/2011:16:36:01 :: 32361] stopping after explicit exit
[14/Mar/2011:16:47:59 :: 28204] starting
[14/Mar/2011:16:48:09 :: 28369] starting
[14/Mar/2011:16:49:06 :: 28204] asked to stop immediately
[14/Mar/2011:16:49:06 :: 28204] stopping after explicit exit
[14/Mar/2011:16:49:06 :: 28369] asked to stop immediately
[14/Mar/2011:16:49:06 :: 28369] stopping after explicit exit
[14/Mar/2011:16:54:21 :: 12515] starting
[14/Mar/2011:16:56:27 :: 12515] asked to stop immediately
[14/Mar/2011:16:56:27 :: 12515] stopping after explicit exit
[14/Mar/2011:16:58:36 :: 22259] starting
[14/Mar/2011:16:59:32 :: 22259] asked to stop immediately
[14/Mar/2011:16:59:32 :: 22259] stopping after explicit exit
[14/Mar/2011:17:00:51 :: 27695] starting
[14/Mar/2011:17:05:53 :: 27695] asked to stop immediately
[14/Mar/2011:17:05:53 :: 27695] stopping after explicit exit
[14/Mar/2011:17:07:21 :: 9639] starting
[14/Mar/2011:17:08:25 :: 9639] asked to stop immediately
[14/Mar/2011:17:08:25 :: 9639] stopping after explicit exit
[14/Mar/2011:17:08:43 :: 12835] starting
[14/Mar/2011:17:10:40 :: 12835] asked to stop immediately
[14/Mar/2011:17:10:40 :: 12835] stopping after explicit exit
[14/Mar/2011:17:14:20 :: 25438] starting
[14/Mar/2011:17:15:19 :: 25438] asked to stop immediately
[14/Mar/2011:17:15:19 :: 25438] stopping after explicit exit
[14/Mar/2011:17:15:31 :: 28193] starting
[14/Mar/2011:17:17:33 :: 28193] asked to stop immediately
[14/Mar/2011:17:17:33 :: 28193] stopping after explicit exit
[14/Mar/2011:17:19:32 :: 4852] starting
[14/Mar/2011:17:19:36 :: 4968] starting
[14/Mar/2011:17:20:38 :: 4968] asked to stop immediately
[14/Mar/2011:17:20:38 :: 4968] stopping after explicit exit
[14/Mar/2011:17:20:55 :: 4852] asked to stop immediately
[14/Mar/2011:17:20:55 :: 4852] stopping after explicit exit
[14/Mar/2011:17:31:16 :: 32515] starting
[14/Mar/2011:17:32:25 :: 32515] asked to stop immediately
[14/Mar/2011:17:32:25 :: 32515] stopping after explicit exit
[14/Mar/2011:17:32:49 :: 3454] starting
[14/Mar/2011:17:34:08 :: 3454] asked to stop immediately
[14/Mar/2011:17:34:08 :: 3454] stopping after explicit exit
[14/Mar/2011:17:34:25 :: 6726] starting
[14/Mar/2011:17:35:32 :: 6726] asked to stop immediately
[14/Mar/2011:17:35:32 :: 6726] stopping after explicit exit
[14/Mar/2011:18:06:09 :: 17732] starting
[14/Mar/2011:18:07:11 :: 17732] asked to stop immediately
[14/Mar/2011:18:07:11 :: 17732] stopping after explicit exit
[14/Mar/2011:19:11:03 :: 24444] starting
[14/Mar/2011:19:13:25 :: 24444] asked to stop immediately
[14/Mar/2011:19:13:25 :: 24444] stopping after explicit exit
[14/Mar/2011:19:14:04 :: 31518] starting
[14/Mar/2011:19:15:17 :: 31518] asked to stop immediately
[14/Mar/2011:19:15:17 :: 31518] stopping after explicit exit
[14/Mar/2011:19:17:58 :: 8077] starting
[14/Mar/2011:19:20:22 :: 8077] asked to stop immediately
[14/Mar/2011:19:20:22 :: 8077] stopping after explicit exit
[14/Mar/2011:19:22:19 :: 17390] starting
[14/Mar/2011:19:23:38 :: 17390] asked to stop immediately
[14/Mar/2011:19:23:38 :: 17390] stopping after explicit exit
[14/Mar/2011:19:24:32 :: 22324] starting
[14/Mar/2011:19:25:42 :: 22324] asked to stop immediately
[14/Mar/2011:19:25:42 :: 22324] stopping after explicit exit
[14/Mar/2011:19:25:56 :: 25644] starting
[14/Mar/2011:19:27:06 :: 25644] asked to stop immediately
[14/Mar/2011:19:27:06 :: 25644] stopping after explicit exit
[14/Mar/2011:19:27:27 :: 29207] starting
[14/Mar/2011:19:29:10 :: 29207] asked to stop immediately
[14/Mar/2011:19:29:10 :: 29207] stopping after explicit exit
[14/Mar/2011:19:29:25 :: 1579] starting
[14/Mar/2011:19:31:10 :: 1579] asked to stop immediately
[14/Mar/2011:19:31:10 :: 1579] stopping after explicit exit
[14/Mar/2011:19:31:25 :: 6103] starting
[14/Mar/2011:19:35:41 :: 6103] asked to stop immediately
[14/Mar/2011:19:35:41 :: 6103] stopping after explicit exit
[14/Mar/2011:19:36:40 :: 18140] starting
[14/Mar/2011:19:36:43 :: 18183] starting
[14/Mar/2011:19:37:38 :: 18140] asked to stop immediately
[14/Mar/2011:19:37:38 :: 18140] stopping after explicit exit
[14/Mar/2011:19:40:24 :: 18183] asked to stop immediately
[14/Mar/2011:19:40:24 :: 18183] stopping after explicit exit
[14/Mar/2011:19:40:33 :: 26826] starting
[14/Mar/2011:19:45:34 :: 26826] asked to stop immediately
[14/Mar/2011:19:45:34 :: 26826] stopping after explicit exit
[14/Mar/2011:19:45:58 :: 5421] starting
[14/Mar/2011:19:48:28 :: 5421] asked to stop immediately
[14/Mar/2011:19:48:28 :: 5421] stopping after explicit exit
[14/Mar/2011:19:48:51 :: 11601] starting
[14/Mar/2011:19:54:04 :: 11601] asked to stop immediately
[14/Mar/2011:19:54:04 :: 11601] stopping after explicit exit
[14/Mar/2011:19:54:20 :: 26421] starting
[14/Mar/2011:19:55:28 :: 26421] asked to stop immediately
[14/Mar/2011:19:55:28 :: 26421] stopping after explicit exit
[14/Mar/2011:19:55:41 :: 29794] starting
[14/Mar/2011:19:59:49 :: 29794] asked to stop immediately
[14/Mar/2011:19:59:49 :: 29794] stopping after explicit exit
[14/Mar/2011:19:59:56 :: 6727] starting
[14/Mar/2011:20:05:06 :: 6727] asked to stop immediately
[14/Mar/2011:20:05:06 :: 6727] stopping after explicit exit
[14/Mar/2011:20:05:25 :: 19197] starting
[14/Mar/2011:20:10:40 :: 19197] asked to stop immediately
[14/Mar/2011:20:10:40 :: 19197] stopping after explicit exit
[14/Mar/2011:20:10:59 :: 31208] starting
[14/Mar/2011:20:12:06 :: 31208] asked to stop immediately
[14/Mar/2011:20:12:06 :: 31208] stopping after explicit exit
[14/Mar/2011:20:12:32 :: 2108] starting
[14/Mar/2011:20:17:44 :: 2108] asked to stop immediately
[14/Mar/2011:20:17:44 :: 2108] stopping after explicit exit
[14/Mar/2011:20:17:52 :: 13814] starting
[14/Mar/2011:20:22:54 :: 13814] asked to stop immediately
[14/Mar/2011:20:22:54 :: 13814] stopping after explicit exit
[14/Mar/2011:20:23:08 :: 25163] starting
[14/Mar/2011:20:28:17 :: 25163] asked to stop immediately
[14/Mar/2011:20:28:17 :: 25163] stopping after explicit exit
[14/Mar/2011:20:28:29 :: 4468] starting
[14/Mar/2011:20:32:07 :: 4468] asked to stop immediately
[14/Mar/2011:20:32:07 :: 4468] stopping after explicit exit
[14/Mar/2011:20:32:38 :: 14116] starting
[14/Mar/2011:20:36:02 :: 14116] asked to stop immediately
[14/Mar/2011:20:36:02 :: 14116] stopping after explicit exit
[14/Mar/2011:20:36:21 :: 24504] starting
[14/Mar/2011:20:41:22 :: 24504] asked to stop immediately
[14/Mar/2011:20:41:22 :: 24504] stopping after explicit exit
[14/Mar/2011:20:42:12 :: 3266] starting
[14/Mar/2011:20:47:08 :: 3266] asked to stop immediately
[14/Mar/2011:20:47:08 :: 3266] stopping after explicit exit
[14/Mar/2011:20:47:25 :: 14427] starting
[14/Mar/2011:20:52:14 :: 14427] asked to stop immediately
[14/Mar/2011:20:52:14 :: 14427] stopping after explicit exit
[14/Mar/2011:20:52:30 :: 23985] starting
[14/Mar/2011:20:56:31 :: 23985] asked to stop immediately
[14/Mar/2011:20:56:31 :: 23985] stopping after explicit exit
[14/Mar/2011:20:59:16 :: 7655] starting
[14/Mar/2011:20:59:17 :: 7703] starting
[14/Mar/2011:21:00:32 :: 7703] asked to stop immediately
[14/Mar/2011:21:00:32 :: 7703] stopping after explicit exit
[14/Mar/2011:21:01:21 :: 7655] asked to stop immediately
[14/Mar/2011:21:01:21 :: 7655] stopping after explicit exit
[14/Mar/2011:21:02:35 :: 14791] starting
[14/Mar/2011:21:03:41 :: 14791] asked to stop immediately
[14/Mar/2011:21:03:41 :: 14791] stopping after explicit exit
[14/Mar/2011:21:04:55 :: 19463] starting
[14/Mar/2011:21:06:13 :: 19463] asked to stop immediately
[14/Mar/2011:21:06:13 :: 19463] stopping after explicit exit
[14/Mar/2011:21:08:25 :: 29043] starting
[14/Mar/2011:21:10:28 :: 29043] asked to stop immediately
[14/Mar/2011:21:10:28 :: 29043] stopping after explicit exit
[14/Mar/2011:21:11:29 :: 2058] starting
[14/Mar/2011:21:13:17 :: 2058] asked to stop immediately
[14/Mar/2011:21:13:17 :: 2058] stopping after explicit exit
[14/Mar/2011:21:22:38 :: 27239] starting
[14/Mar/2011:21:23:56 :: 27239] asked to stop immediately
[14/Mar/2011:21:23:56 :: 27239] stopping after explicit exit
[14/Mar/2011:21:27:48 :: 6271] starting
[14/Mar/2011:21:28:50 :: 6271] asked to stop immediately
[14/Mar/2011:21:28:50 :: 6271] stopping after explicit exit
[14/Mar/2011:21:48:56 :: 18669] starting
[14/Mar/2011:21:50:39 :: 18669] asked to stop immediately
[14/Mar/2011:21:50:39 :: 18669] stopping after explicit exit
[14/Mar/2011:22:06:23 :: 24123] starting
[14/Mar/2011:22:08:05 :: 24123] asked to stop immediately
[14/Mar/2011:22:08:05 :: 24123] stopping after explicit exit
[14/Mar/2011:22:08:36 :: 28383] starting
[14/Mar/2011:22:09:41 :: 28383] asked to stop immediately
[14/Mar/2011:22:09:41 :: 28383] stopping after explicit exit
[14/Mar/2011:22:17:40 :: 14857] starting
[14/Mar/2011:22:18:49 :: 14857] asked to stop immediately
[14/Mar/2011:22:18:49 :: 14857] stopping after explicit exit
[15/Mar/2011:12:54:25 :: 9881] starting
[15/Mar/2011:12:55:26 :: 9881] asked to stop immediately
[15/Mar/2011:12:55:26 :: 9881] stopping after explicit exit
[15/Mar/2011:15:18:16 :: 31508] starting
[15/Mar/2011:15:19:17 :: 31508] asked to stop immediately
[15/Mar/2011:15:19:17 :: 31508] stopping after explicit exit
[15/Mar/2011:18:14:32 :: 9045] starting
[15/Mar/2011:18:15:42 :: 9045] asked to stop immediately
[15/Mar/2011:18:15:42 :: 9045] stopping after explicit exit
[15/Mar/2011:19:21:32 :: 28444] starting
[15/Mar/2011:19:22:37 :: 28444] asked to stop immediately
[15/Mar/2011:19:22:37 :: 28444] stopping after explicit exit
[16/Mar/2011:00:54:42 :: 17394] starting
[16/Mar/2011:00:59:42 :: 17394] asked to stop immediately
[16/Mar/2011:00:59:42 :: 17394] stopping after explicit exit
[16/Mar/2011:01:00:18 :: 29784] starting
[16/Mar/2011:01:02:06 :: 29784] asked to stop immediately
[16/Mar/2011:01:02:06 :: 29784] stopping after explicit exit
[16/Mar/2011:01:05:01 :: 8607] starting
[16/Mar/2011:01:06:06 :: 8607] asked to stop immediately
[16/Mar/2011:01:06:06 :: 8607] stopping after explicit exit
[16/Mar/2011:01:18:28 :: 10489] starting
[16/Mar/2011:01:19:43 :: 10489] asked to stop immediately
[16/Mar/2011:01:19:43 :: 10489] stopping after explicit exit
[16/Mar/2011:12:51:20 :: 26444] starting
[16/Mar/2011:12:52:09 :: 26444] asked to stop immediately
[16/Mar/2011:12:52:09 :: 26444] stopping after explicit exit
[16/Mar/2011:14:19:40 :: 2518] starting
[16/Mar/2011:14:20:48 :: 2518] asked to stop immediately
[16/Mar/2011:14:20:48 :: 2518] stopping after explicit exit
[16/Mar/2011:18:24:07 :: 23683] starting
[16/Mar/2011:18:25:03 :: 23683] asked to stop immediately
[16/Mar/2011:18:25:03 :: 23683] stopping after explicit exit
[17/Mar/2011:19:32:36 :: 2013] starting
[17/Mar/2011:19:33:31 :: 2013] asked to stop immediately
[17/Mar/2011:19:33:31 :: 2013] stopping after explicit exit
[18/Mar/2011:10:53:00 :: 27978] starting
[18/Mar/2011:10:53:43 :: 27978] asked to stop immediately
[18/Mar/2011:10:53:43 :: 27978] stopping after explicit exit
[18/Mar/2011:11:05:44 :: 651] starting
[18/Mar/2011:11:06:40 :: 651] asked to stop immediately
[18/Mar/2011:11:06:40 :: 651] stopping after explicit exit
[18/Mar/2011:12:30:33 :: 8974] starting
[18/Mar/2011:12:31:39 :: 8974] asked to stop immediately
[18/Mar/2011:12:31:39 :: 8974] stopping after explicit exit
[18/Mar/2011:15:04:51 :: 16124] starting
[18/Mar/2011:15:06:01 :: 16124] asked to stop immediately
[18/Mar/2011:15:06:01 :: 16124] stopping after explicit exit
[18/Mar/2011:17:22:10 :: 24623] starting
[18/Mar/2011:17:22:41 :: 24623] asked to stop immediately
[18/Mar/2011:17:22:41 :: 24623] stopping after explicit exit
[18/Mar/2011:17:27:02 :: 3794] starting
[18/Mar/2011:17:28:13 :: 3794] asked to stop immediately
[18/Mar/2011:17:28:13 :: 3794] stopping after explicit exit
[19/Mar/2011:15:35:23 :: 13200] starting
[19/Mar/2011:15:36:11 :: 13200] asked to stop immediately
[19/Mar/2011:15:36:11 :: 13200] stopping after explicit exit
[19/Mar/2011:15:41:02 :: 25576] starting
[19/Mar/2011:15:42:11 :: 25576] asked to stop immediately
[19/Mar/2011:15:42:11 :: 25576] stopping after explicit exit
[19/Mar/2011:16:44:27 :: 9035] starting
[19/Mar/2011:16:45:21 :: 9035] asked to stop immediately
[19/Mar/2011:16:45:21 :: 9035] stopping after explicit exit
[20/Mar/2011:12:17:40 :: 20732] starting
[20/Mar/2011:12:18:43 :: 20732] asked to stop immediately
[20/Mar/2011:12:18:43 :: 20732] stopping after explicit exit
[20/Mar/2011:18:09:50 :: 14876] starting
[20/Mar/2011:18:10:51 :: 14876] asked to stop immediately
[20/Mar/2011:18:10:51 :: 14876] stopping after explicit exit
[20/Mar/2011:20:06:22 :: 13208] starting
[20/Mar/2011:20:07:28 :: 13208] asked to stop immediately
[20/Mar/2011:20:07:28 :: 13208] stopping after explicit exit
[20/Mar/2011:23:16:25 :: 10940] starting
[20/Mar/2011:23:17:20 :: 10940] asked to stop immediately
[20/Mar/2011:23:17:20 :: 10940] stopping after explicit exit
[21/Mar/2011:00:25:28 :: 19473] starting
[21/Mar/2011:00:26:26 :: 19473] asked to stop immediately
[21/Mar/2011:00:26:26 :: 19473] stopping after explicit exit
[21/Mar/2011:09:54:12 :: 11152] starting
[21/Mar/2011:09:55:17 :: 11152] asked to stop immediately
[21/Mar/2011:09:55:17 :: 11152] stopping after explicit exit
[21/Mar/2011:11:52:22 :: 13013] starting
[21/Mar/2011:11:53:20 :: 13013] asked to stop immediately
[21/Mar/2011:11:53:20 :: 13013] stopping after explicit exit
[21/Mar/2011:14:43:49 :: 20907] starting
[21/Mar/2011:14:44:49 :: 20907] asked to stop immediately
[21/Mar/2011:14:44:49 :: 20907] stopping after explicit exit
[21/Mar/2011:18:07:53 :: 23985] starting
[21/Mar/2011:18:09:00 :: 23985] asked to stop immediately
[21/Mar/2011:18:09:00 :: 23985] stopping after explicit exit
[21/Mar/2011:22:40:09 :: 5524] starting
[21/Mar/2011:22:41:13 :: 5524] asked to stop immediately
[21/Mar/2011:22:41:13 :: 5524] stopping after explicit exit
[22/Mar/2011:09:28:15 :: 30130] starting
[22/Mar/2011:09:29:17 :: 30130] asked to stop immediately
[22/Mar/2011:09:29:17 :: 30130] stopping after explicit exit
[22/Mar/2011:11:18:00 :: 16208] starting
[22/Mar/2011:11:18:56 :: 16208] asked to stop immediately
[22/Mar/2011:11:18:56 :: 16208] stopping after explicit exit
[22/Mar/2011:13:57:28 :: 9798] starting
[22/Mar/2011:13:58:31 :: 9798] asked to stop immediately
[22/Mar/2011:13:58:31 :: 9798] stopping after explicit exit
[22/Mar/2011:17:34:40 :: 30378] starting
[22/Mar/2011:17:35:29 :: 30378] asked to stop immediately
[22/Mar/2011:17:35:29 :: 30378] stopping after explicit exit
[22/Mar/2011:18:56:31 :: 5620] starting
[22/Mar/2011:18:57:32 :: 5620] asked to stop immediately
[22/Mar/2011:18:57:32 :: 5620] stopping after explicit exit
[22/Mar/2011:21:08:06 :: 5833] starting
[22/Mar/2011:21:09:00 :: 5833] asked to stop immediately
[22/Mar/2011:21:09:00 :: 5833] stopping after explicit exit
[23/Mar/2011:09:56:34 :: 32546] starting
[23/Mar/2011:09:57:28 :: 32546] asked to stop immediately
[23/Mar/2011:09:57:28 :: 32546] stopping after explicit exit
[23/Mar/2011:11:23:20 :: 5364] starting
[23/Mar/2011:11:24:25 :: 5364] asked to stop immediately
[23/Mar/2011:11:24:25 :: 5364] stopping after explicit exit
[23/Mar/2011:14:22:22 :: 15949] starting
[23/Mar/2011:14:23:12 :: 15949] asked to stop immediately
[23/Mar/2011:14:23:12 :: 15949] stopping after explicit exit
[23/Mar/2011:17:07:52 :: 30055] starting
[23/Mar/2011:17:08:50 :: 30055] asked to stop immediately
[23/Mar/2011:17:08:50 :: 30055] stopping after explicit exit
[23/Mar/2011:19:07:19 :: 17850] starting
[23/Mar/2011:19:08:15 :: 17850] asked to stop immediately
[23/Mar/2011:19:08:15 :: 17850] stopping after explicit exit
[11/Apr/2011:22:40:43 :: 7289] starting
[11/Apr/2011:22:41:49 :: 7289] asked to stop immediately
[11/Apr/2011:22:41:49 :: 7289] stopping after explicit exit
[14/Apr/2011:00:48:27 :: 2010] starting
[14/Apr/2011:00:49:41 :: 2010] asked to stop immediately
[14/Apr/2011:00:49:41 :: 2010] stopping after explicit exit
[21/Apr/2011:23:19:53 :: 28036] starting
[21/Apr/2011:23:21:00 :: 28036] asked to stop immediately
[21/Apr/2011:23:21:00 :: 28036] stopping after explicit exit
[22/Apr/2011:09:47:11 :: 12415] starting
[22/Apr/2011:09:48:12 :: 12415] asked to stop immediately
[22/Apr/2011:09:48:12 :: 12415] stopping after explicit exit
[28/Apr/2011:00:54:52 :: 9516] starting
[28/Apr/2011:00:55:36 :: 9516] asked to stop immediately
[28/Apr/2011:00:55:36 :: 9516] stopping after explicit exit
[28/Apr/2011:01:01:59 :: 26341] starting
[28/Apr/2011:01:03:05 :: 26341] asked to stop immediately
[28/Apr/2011:01:03:05 :: 26341] stopping after explicit exit
[28/Apr/2011:08:27:13 :: 23634] starting
[28/Apr/2011:08:27:53 :: 23634] asked to stop immediately
[28/Apr/2011:08:27:53 :: 23634] stopping after explicit exit
[14/May/2011:15:47:47 :: 18590] starting
[14/May/2011:15:48:45 :: 18590] asked to stop immediately
[14/May/2011:15:48:45 :: 18590] stopping after explicit exit
[02/Jun/2011:16:22:46 :: 24555] starting
[02/Jun/2011:16:23:40 :: 24555] asked to stop immediately
[02/Jun/2011:16:23:40 :: 24555] stopping after explicit exit
[02/Jun/2011:16:25:15 :: 30820] starting
[02/Jun/2011:16:26:20 :: 30820] asked to stop immediately
[02/Jun/2011:16:26:20 :: 30820] stopping after explicit exit
[02/Jun/2011:16:26:49 :: 1755] starting
[02/Jun/2011:16:28:02 :: 1755] asked to stop immediately
[02/Jun/2011:16:28:02 :: 1755] stopping after explicit exit
[02/Jun/2011:16:30:49 :: 10355] starting
[02/Jun/2011:16:32:24 :: 10355] asked to stop immediately
[02/Jun/2011:16:32:24 :: 10355] stopping after explicit exit
[02/Jun/2011:16:33:51 :: 16396] starting
[02/Jun/2011:16:35:00 :: 16396] asked to stop immediately
[02/Jun/2011:16:35:00 :: 16396] stopping after explicit exit
[02/Jun/2011:16:40:00 :: 29962] starting
[02/Jun/2011:16:40:03 :: 30019] starting
[02/Jun/2011:16:41:14 :: 30019] asked to stop immediately
[02/Jun/2011:16:41:14 :: 30019] stopping after explicit exit
[02/Jun/2011:16:42:03 :: 29962] asked to stop immediately
[02/Jun/2011:16:42:03 :: 29962] stopping after explicit exit
